<?xml version="1.0" encoding="UTF-8"?>
<!-- Generated by org.testng.reporters.JUnitXMLReporter -->
<testsuite hostname="ip-172-31-9-88" ignored="7" tests="0" failures="0" timestamp="2021-02-19T07:21:03 UTC" time="0.01" errors="0">
  <testcase name="method1" time="0.0" classname="test.Annotations">
    <ignored/>
  </testcase> <!-- method1 -->
  <testcase name="method2" time="0.0" classname="test.Annotations">
    <ignored/>
  </testcase> <!-- method2 -->
  <testcase name="method2" time="0.0" classname="test.Groups">
    <ignored/>
  </testcase> <!-- method2 -->
  <testcase name="method1" time="0.0" classname="test.Groups">
    <ignored/>
  </testcase> <!-- method1 -->
  <testcase name="method1" time="0.0" classname="test.TestCase1">
    <ignored/>
  </testcase> <!-- method1 -->
  <testcase name="method3" time="0.0" classname="test.TestCase2">
    <ignored/>
  </testcase> <!-- method3 -->
  <testcase name="method2" time="0.0" classname="test.TestCase1">
    <ignored/>
  </testcase> <!-- method2 -->
</testsuite>
